<?xml version="1.0" encoding="UTF-8"?>
<!-- Generated by org.testng.reporters.JUnitXMLReporter -->
<testsuite hostname="AIPL-SEZ-LT-46" ignored="21" name="Test" tests="2" failures="1" timestamp="04 Nov 2019 11:15:48 GMT" time="30.506" errors="0">
  <testcase name="testOnUniqloVOS2" time="30.178" classname="com.uniqlo.selenium.UniqloTest">
    <failure type="org.openqa.selenium.StaleElementReferenceException" message="stale element reference: element is not attached to the page document
  (Session info: chrome=77.0.3865.120)
  (Driver info: chromedriver=2.37.544315 (730aa6a5fdba159ac9f4c1e8cbc59bf1b5ce12b7),platform=Windows NT 6.1.7601 SP1 x86_64) (WARNING: The server did not provide any stacktrace information)
Command duration or timeout: 0 milliseconds
For documentation on this error, please visit: https://www.seleniumhq.org/exceptions/stale_element_reference.html
Build info: version: &amp;apos;3.141.59&amp;apos;, revision: &amp;apos;e82be7d358&amp;apos;, time: &amp;apos;2018-11-14T08:17:03&amp;apos;
System info: host: &amp;apos;AIPL-SEZ-LT-46&amp;apos;, ip: &amp;apos;10.4.48.124&amp;apos;, os.name: &amp;apos;Windows 7&amp;apos;, os.arch: &amp;apos;amd64&amp;apos;, os.version: &amp;apos;6.1&amp;apos;, java.version: &amp;apos;1.8.0_40&amp;apos;
Driver info: org.openqa.selenium.chrome.ChromeDriver
Capabilities {acceptInsecureCerts: false, acceptSslCerts: false, applicationCacheEnabled: false, browserConnectionEnabled: false, browserName: chrome, chrome: {chromedriverVersion: 2.37.544315 (730aa6a5fdba15..., userDataDir: C:\Users\VMARIA~1\AppData\L...}, cssSelectorsEnabled: true, databaseEnabled: false, handlesAlerts: true, hasTouchScreen: false, javascriptEnabled: true, locationContextEnabled: true, mobileEmulationEnabled: false, nativeEvents: true, networkConnectionEnabled: false, pageLoadStrategy: normal, platform: XP, platformName: XP, rotatable: false, setWindowRect: true, takesHeapSnapshot: true, takesScreenshot: true, unexpectedAlertBehaviour: , unhandledPromptBehavior: , version: 77.0.3865.120, webStorageEnabled: true}
Session ID: d8e653d3e0e4d5429e1cd83f00760af7">
      <![CDATA[org.openqa.selenium.StaleElementReferenceException: stale element reference: element is not attached to the page document
  (Session info: chrome=77.0.3865.120)
  (Driver info: chromedriver=2.37.544315 (730aa6a5fdba159ac9f4c1e8cbc59bf1b5ce12b7),platform=Windows NT 6.1.7601 SP1 x86_64) (WARNING: The server did not provide any stacktrace information)
Command duration or timeout: 0 milliseconds
For documentation on this error, please visit: https://www.seleniumhq.org/exceptions/stale_element_reference.html
Build info: version: '3.141.59', revision: 'e82be7d358', time: '2018-11-14T08:17:03'
System info: host: 'AIPL-SEZ-LT-46', ip: '10.4.48.124', os.name: 'Windows 7', os.arch: 'amd64', os.version: '6.1', java.version: '1.8.0_40'
Driver info: org.openqa.selenium.chrome.ChromeDriver
Capabilities {acceptInsecureCerts: false, acceptSslCerts: false, applicationCacheEnabled: false, browserConnectionEnabled: false, browserName: chrome, chrome: {chromedriverVersion: 2.37.544315 (730aa6a5fdba15..., userDataDir: C:\Users\VMARIA~1\AppData\L...}, cssSelectorsEnabled: true, databaseEnabled: false, handlesAlerts: true, hasTouchScreen: false, javascriptEnabled: true, locationContextEnabled: true, mobileEmulationEnabled: false, nativeEvents: true, networkConnectionEnabled: false, pageLoadStrategy: normal, platform: XP, platformName: XP, rotatable: false, setWindowRect: true, takesHeapSnapshot: true, takesScreenshot: true, unexpectedAlertBehaviour: , unhandledPromptBehavior: , version: 77.0.3865.120, webStorageEnabled: true}
Session ID: d8e653d3e0e4d5429e1cd83f00760af7
at org.openqa.selenium.remote.ErrorHandler.createThrowable(ErrorHandler.java:214)
at org.openqa.selenium.remote.ErrorHandler.throwIfResponseFailed(ErrorHandler.java:166)
at org.openqa.selenium.remote.http.JsonHttpResponseCodec.reconstructValue(JsonHttpResponseCodec.java:40)
at org.openqa.selenium.remote.http.AbstractHttpResponseCodec.decode(AbstractHttpResponseCodec.java:80)
at org.openqa.selenium.remote.http.AbstractHttpResponseCodec.decode(AbstractHttpResponseCodec.java:44)
at org.openqa.selenium.remote.HttpCommandExecutor.execute(HttpCommandExecutor.java:158)
at org.openqa.selenium.remote.service.DriverCommandExecutor.execute(DriverCommandExecutor.java:83)
at org.openqa.selenium.remote.RemoteWebDriver.execute(RemoteWebDriver.java:552)
at org.openqa.selenium.remote.RemoteWebElement.execute(RemoteWebElement.java:285)
at org.openqa.selenium.remote.RemoteWebElement.click(RemoteWebElement.java:84)
at com.uniqlo.selenium.UniqloTest.testOnUniqloVOS2(UniqloTest.java:49)
at java.util.concurrent.ThreadPoolExecutor.runWorker(ThreadPoolExecutor.java:1142)
at java.util.concurrent.ThreadPoolExecutor$Worker.run(ThreadPoolExecutor.java:617)
at java.lang.Thread.run(Thread.java:745)
... Removed 14 stack frames]]>
    </failure>
  </testcase> <!-- testOnUniqloVOS2 -->
  <testcase name="testOnUniqloVOS3" time="30.442" classname="com.uniqlo.selenium.UniqloTest"/>
  <testcase name="testOnUniqloVOS12" time="0.0" classname="com.uniqlo.selenium.UniqloTest">
    <ignored/>
  </testcase> <!-- testOnUniqloVOS12 -->
  <testcase name="testOnUniqloVOS9" time="0.0" classname="com.uniqlo.selenium.UniqloTest">
    <ignored/>
  </testcase> <!-- testOnUniqloVOS9 -->
  <testcase name="testOnUniqloVOS7" time="0.0" classname="com.uniqlo.selenium.UniqloTest">
    <ignored/>
  </testcase> <!-- testOnUniqloVOS7 -->
  <testcase name="testOnUniqloVOS8" time="0.0" classname="com.uniqlo.selenium.UniqloTest">
    <ignored/>
  </testcase> <!-- testOnUniqloVOS8 -->
  <testcase name="testOnUniqloVOS5" time="0.0" classname="com.uniqlo.selenium.UniqloTest">
    <ignored/>
  </testcase> <!-- testOnUniqloVOS5 -->
  <testcase name="testOnUniqloVOS6" time="0.0" classname="com.uniqlo.selenium.UniqloTest">
    <ignored/>
  </testcase> <!-- testOnUniqloVOS6 -->
  <testcase name="testOnUniqloVOC3" time="0.0" classname="com.uniqlo.selenium.UniqloTest">
    <ignored/>
  </testcase> <!-- testOnUniqloVOC3 -->
  <testcase name="testOnUniqloVOC4" time="0.0" classname="com.uniqlo.selenium.UniqloTest">
    <ignored/>
  </testcase> <!-- testOnUniqloVOC4 -->
  <testcase name="testOnUniqloVOC1" time="0.0" classname="com.uniqlo.selenium.UniqloTest">
    <ignored/>
  </testcase> <!-- testOnUniqloVOC1 -->
  <testcase name="testOnUniqloVOC2" time="0.0" classname="com.uniqlo.selenium.UniqloTest">
    <ignored/>
  </testcase> <!-- testOnUniqloVOC2 -->
  <testcase name="testOnUniqloVOC11" time="0.0" classname="com.uniqlo.selenium.UniqloTest">
    <ignored/>
  </testcase> <!-- testOnUniqloVOC11 -->
  <testcase name="testOnUniqloVOC10" time="0.0" classname="com.uniqlo.selenium.UniqloTest">
    <ignored/>
  </testcase> <!-- testOnUniqloVOC10 -->
  <testcase name="testOnUniqloVOC12" time="0.0" classname="com.uniqlo.selenium.UniqloTest">
    <ignored/>
  </testcase> <!-- testOnUniqloVOC12 -->
  <testcase name="testOnUniqloVOC9" time="0.0" classname="com.uniqlo.selenium.UniqloTest">
    <ignored/>
  </testcase> <!-- testOnUniqloVOC9 -->
  <testcase name="testOnUniqloVOC7" time="0.0" classname="com.uniqlo.selenium.UniqloTest">
    <ignored/>
  </testcase> <!-- testOnUniqloVOC7 -->
  <testcase name="testOnUniqloVOC8" time="0.0" classname="com.uniqlo.selenium.UniqloTest">
    <ignored/>
  </testcase> <!-- testOnUniqloVOC8 -->
  <testcase name="testOnUniqloVOC5" time="0.0" classname="com.uniqlo.selenium.UniqloTest">
    <ignored/>
  </testcase> <!-- testOnUniqloVOC5 -->
  <testcase name="testOnUniqloVOC6" time="0.0" classname="com.uniqlo.selenium.UniqloTest">
    <ignored/>
  </testcase> <!-- testOnUniqloVOC6 -->
  <testcase name="testOnUniqloVOS4" time="0.0" classname="com.uniqlo.selenium.UniqloTest">
    <ignored/>
  </testcase> <!-- testOnUniqloVOS4 -->
  <testcase name="testOnUniqloVOS11" time="0.0" classname="com.uniqlo.selenium.UniqloTest">
    <ignored/>
  </testcase> <!-- testOnUniqloVOS11 -->
  <testcase name="testOnUniqloVOS10" time="0.0" classname="com.uniqlo.selenium.UniqloTest">
    <ignored/>
  </testcase> <!-- testOnUniqloVOS10 -->
</testsuite> <!-- Test -->
