<?xml version="1.0" encoding="UTF-8"?>
<!-- Generated by org.testng.reporters.JUnitReportReporter -->
<testsuite skipped="21" hostname="AIPL-SEZ-LT-46" name="com.uniqlo.selenium.UniqloTest" tests="23" failures="0" timestamp="04 Nov 2019 11:15:49 GMT" time="60.620" errors="1">
  <testcase name="testOnUniqloVOS3" time="30.442" classname="com.uniqlo.selenium.UniqloTest"/>
  <testcase name="testOnUniqloVOS2" time="30.178" classname="com.uniqlo.selenium.UniqloTest">
    <error type="org.openqa.selenium.StaleElementReferenceException" message="stale element reference: element is not attached to the page document
  (Session info: chrome=77.0.3865.120)
  (Driver info: chromedriver=2.37.544315 (730aa6a5fdba159ac9f4c1e8cbc59bf1b5ce12b7),platform=Windows NT 6.1.7601 SP1 x86_64) (WARNING: The server did not provide any stacktrace information)
Command duration or timeout: 0 milliseconds
For documentation on this error, please visit: https://www.seleniumhq.org/exceptions/stale_element_reference.html
Build info: version: &#039;3.141.59&#039;, revision: &#039;e82be7d358&#039;, time: &#039;2018-11-14T08:17:03&#039;
System info: host: &#039;AIPL-SEZ-LT-46&#039;, ip: &#039;10.4.48.124&#039;, os.name: &#039;Windows 7&#039;, os.arch: &#039;amd64&#039;, os.version: &#039;6.1&#039;, java.version: &#039;1.8.0_40&#039;
Driver info: org.openqa.selenium.chrome.ChromeDriver
Capabilities {acceptInsecureCerts: false, acceptSslCerts: false, applicationCacheEnabled: false, browserConnectionEnabled: false, browserName: chrome, chrome: {chromedriverVersion: 2.37.544315 (730aa6a5fdba15..., userDataDir: C:\Users\VMARIA~1\AppData\L...}, cssSelectorsEnabled: true, databaseEnabled: false, handlesAlerts: true, hasTouchScreen: false, javascriptEnabled: true, locationContextEnabled: true, mobileEmulationEnabled: false, nativeEvents: true, networkConnectionEnabled: false, pageLoadStrategy: normal, platform: XP, platformName: XP, rotatable: false, setWindowRect: true, takesHeapSnapshot: true, takesScreenshot: true, unexpectedAlertBehaviour: , unhandledPromptBehavior: , version: 77.0.3865.120, webStorageEnabled: true}
Session ID: d8e653d3e0e4d5429e1cd83f00760af7">
      <![CDATA[org.openqa.selenium.StaleElementReferenceException: stale element reference: element is not attached to the page document
  (Session info: chrome=77.0.3865.120)
  (Driver info: chromedriver=2.37.544315 (730aa6a5fdba159ac9f4c1e8cbc59bf1b5ce12b7),platform=Windows NT 6.1.7601 SP1 x86_64) (WARNING: The server did not provide any stacktrace information)
Command duration or timeout: 0 milliseconds
For documentation on this error, please visit: https://www.seleniumhq.org/exceptions/stale_element_reference.html
Build info: version: '3.141.59', revision: 'e82be7d358', time: '2018-11-14T08:17:03'
System info: host: 'AIPL-SEZ-LT-46', ip: '10.4.48.124', os.name: 'Windows 7', os.arch: 'amd64', os.version: '6.1', java.version: '1.8.0_40'
Driver info: org.openqa.selenium.chrome.ChromeDriver
Capabilities {acceptInsecureCerts: false, acceptSslCerts: false, applicationCacheEnabled: false, browserConnectionEnabled: false, browserName: chrome, chrome: {chromedriverVersion: 2.37.544315 (730aa6a5fdba15..., userDataDir: C:\Users\VMARIA~1\AppData\L...}, cssSelectorsEnabled: true, databaseEnabled: false, handlesAlerts: true, hasTouchScreen: false, javascriptEnabled: true, locationContextEnabled: true, mobileEmulationEnabled: false, nativeEvents: true, networkConnectionEnabled: false, pageLoadStrategy: normal, platform: XP, platformName: XP, rotatable: false, setWindowRect: true, takesHeapSnapshot: true, takesScreenshot: true, unexpectedAlertBehaviour: , unhandledPromptBehavior: , version: 77.0.3865.120, webStorageEnabled: true}
Session ID: d8e653d3e0e4d5429e1cd83f00760af7
at sun.reflect.NativeConstructorAccessorImpl.newInstance0(Native Method)
at sun.reflect.NativeConstructorAccessorImpl.newInstance(NativeConstructorAccessorImpl.java:62)
at sun.reflect.DelegatingConstructorAccessorImpl.newInstance(DelegatingConstructorAccessorImpl.java:45)
at java.lang.reflect.Constructor.newInstance(Constructor.java:422)
at org.openqa.selenium.remote.ErrorHandler.createThrowable(ErrorHandler.java:214)
at org.openqa.selenium.remote.ErrorHandler.throwIfResponseFailed(ErrorHandler.java:166)
at org.openqa.selenium.remote.http.JsonHttpResponseCodec.reconstructValue(JsonHttpResponseCodec.java:40)
at org.openqa.selenium.remote.http.AbstractHttpResponseCodec.decode(AbstractHttpResponseCodec.java:80)
at org.openqa.selenium.remote.http.AbstractHttpResponseCodec.decode(AbstractHttpResponseCodec.java:44)
at org.openqa.selenium.remote.HttpCommandExecutor.execute(HttpCommandExecutor.java:158)
at org.openqa.selenium.remote.service.DriverCommandExecutor.execute(DriverCommandExecutor.java:83)
at org.openqa.selenium.remote.RemoteWebDriver.execute(RemoteWebDriver.java:552)
at org.openqa.selenium.remote.RemoteWebElement.execute(RemoteWebElement.java:285)
at org.openqa.selenium.remote.RemoteWebElement.click(RemoteWebElement.java:84)
at com.uniqlo.selenium.UniqloTest.testOnUniqloVOS2(UniqloTest.java:49)
at sun.reflect.NativeMethodAccessorImpl.invoke0(Native Method)
at sun.reflect.NativeMethodAccessorImpl.invoke(NativeMethodAccessorImpl.java:62)
at sun.reflect.DelegatingMethodAccessorImpl.invoke(DelegatingMethodAccessorImpl.java:43)
at java.lang.reflect.Method.invoke(Method.java:497)
at org.testng.internal.MethodInvocationHelper.invokeMethod(MethodInvocationHelper.java:124)
at org.testng.internal.Invoker.invokeMethod(Invoker.java:580)
at org.testng.internal.Invoker.invokeTestMethod(Invoker.java:716)
at org.testng.internal.Invoker.invokeTestMethods(Invoker.java:988)
at org.testng.internal.TestMethodWorker.invokeTestMethods(TestMethodWorker.java:125)
at org.testng.internal.TestMethodWorker.run(TestMethodWorker.java:109)
at java.util.concurrent.ThreadPoolExecutor.runWorker(ThreadPoolExecutor.java:1142)
at java.util.concurrent.ThreadPoolExecutor$Worker.run(ThreadPoolExecutor.java:617)
at java.lang.Thread.run(Thread.java:745)
]]>
    </error>
  </testcase> <!-- testOnUniqloVOS2 -->
  <testcase name="testOnUniqloVOS12" classname="com.uniqlo.selenium.UniqloTest">
    <skipped/>
  </testcase> <!-- testOnUniqloVOS12 -->
  <testcase name="testOnUniqloVOS9" classname="com.uniqlo.selenium.UniqloTest">
    <skipped/>
  </testcase> <!-- testOnUniqloVOS9 -->
  <testcase name="testOnUniqloVOS7" classname="com.uniqlo.selenium.UniqloTest">
    <skipped/>
  </testcase> <!-- testOnUniqloVOS7 -->
  <testcase name="testOnUniqloVOS8" classname="com.uniqlo.selenium.UniqloTest">
    <skipped/>
  </testcase> <!-- testOnUniqloVOS8 -->
  <testcase name="testOnUniqloVOS5" classname="com.uniqlo.selenium.UniqloTest">
    <skipped/>
  </testcase> <!-- testOnUniqloVOS5 -->
  <testcase name="testOnUniqloVOS6" classname="com.uniqlo.selenium.UniqloTest">
    <skipped/>
  </testcase> <!-- testOnUniqloVOS6 -->
  <testcase name="testOnUniqloVOC3" classname="com.uniqlo.selenium.UniqloTest">
    <skipped/>
  </testcase> <!-- testOnUniqloVOC3 -->
  <testcase name="testOnUniqloVOC4" classname="com.uniqlo.selenium.UniqloTest">
    <skipped/>
  </testcase> <!-- testOnUniqloVOC4 -->
  <testcase name="testOnUniqloVOC1" classname="com.uniqlo.selenium.UniqloTest">
    <skipped/>
  </testcase> <!-- testOnUniqloVOC1 -->
  <testcase name="testOnUniqloVOC2" classname="com.uniqlo.selenium.UniqloTest">
    <skipped/>
  </testcase> <!-- testOnUniqloVOC2 -->
  <testcase name="testOnUniqloVOC11" classname="com.uniqlo.selenium.UniqloTest">
    <skipped/>
  </testcase> <!-- testOnUniqloVOC11 -->
  <testcase name="testOnUniqloVOC10" classname="com.uniqlo.selenium.UniqloTest">
    <skipped/>
  </testcase> <!-- testOnUniqloVOC10 -->
  <testcase name="testOnUniqloVOC12" classname="com.uniqlo.selenium.UniqloTest">
    <skipped/>
  </testcase> <!-- testOnUniqloVOC12 -->
  <testcase name="testOnUniqloVOC9" classname="com.uniqlo.selenium.UniqloTest">
    <skipped/>
  </testcase> <!-- testOnUniqloVOC9 -->
  <testcase name="testOnUniqloVOC7" classname="com.uniqlo.selenium.UniqloTest">
    <skipped/>
  </testcase> <!-- testOnUniqloVOC7 -->
  <testcase name="testOnUniqloVOC8" classname="com.uniqlo.selenium.UniqloTest">
    <skipped/>
  </testcase> <!-- testOnUniqloVOC8 -->
  <testcase name="testOnUniqloVOC5" classname="com.uniqlo.selenium.UniqloTest">
    <skipped/>
  </testcase> <!-- testOnUniqloVOC5 -->
  <testcase name="testOnUniqloVOC6" classname="com.uniqlo.selenium.UniqloTest">
    <skipped/>
  </testcase> <!-- testOnUniqloVOC6 -->
  <testcase name="testOnUniqloVOS4" classname="com.uniqlo.selenium.UniqloTest">
    <skipped/>
  </testcase> <!-- testOnUniqloVOS4 -->
  <testcase name="testOnUniqloVOS11" classname="com.uniqlo.selenium.UniqloTest">
    <skipped/>
  </testcase> <!-- testOnUniqloVOS11 -->
  <testcase name="testOnUniqloVOS10" classname="com.uniqlo.selenium.UniqloTest">
    <skipped/>
  </testcase> <!-- testOnUniqloVOS10 -->
</testsuite> <!-- com.uniqlo.selenium.UniqloTest -->
